<!DOCTYPE html>
<html>
  <head>
    <meta charset="utf-8"/>
    <title>Test Report</title>
    <link href="{{ url_for('static', filename='css/tests/style.css')}}" rel="stylesheet" type="text/css"/></head>
  <body onLoad="init()">
    <script>/* This Source Code Form is subject to the terms of the Mozilla Public
 * License, v. 2.0. If a copy of the MPL was not distributed with this file,
 * You can obtain one at http://mozilla.org/MPL/2.0/. */


function toArray(iter) {
    if (iter === null) {
        return null;
    }
    return Array.prototype.slice.call(iter);
}

function find(selector, elem) {
    if (!elem) {
        elem = document;
    }
    return elem.querySelector(selector);
}

function find_all(selector, elem) {
    if (!elem) {
        elem = document;
    }
    return toArray(elem.querySelectorAll(selector));
}

function sort_column(elem) {
    toggle_sort_states(elem);
    var colIndex = toArray(elem.parentNode.childNodes).indexOf(elem);
    var key;
    if (elem.classList.contains('numeric')) {
        key = key_num;
    } else if (elem.classList.contains('result')) {
        key = key_result;
    } else {
        key = key_alpha;
    }
    sort_table(elem, key(colIndex));
}

function show_all_extras() {
    find_all('.col-result').forEach(show_extras);
}

function hide_all_extras() {
    find_all('.col-result').forEach(hide_extras);
}

function show_extras(colresult_elem) {
    var extras = colresult_elem.parentNode.nextElementSibling;
    var expandcollapse = colresult_elem.firstElementChild;
    extras.classList.remove("collapsed");
    expandcollapse.classList.remove("expander");
    expandcollapse.classList.add("collapser");
}

function hide_extras(colresult_elem) {
    var extras = colresult_elem.parentNode.nextElementSibling;
    var expandcollapse = colresult_elem.firstElementChild;
    extras.classList.add("collapsed");
    expandcollapse.classList.remove("collapser");
    expandcollapse.classList.add("expander");
}

function show_filters() {
    var filter_items = document.getElementsByClassName('filter');
    for (var i = 0; i < filter_items.length; i++)
        filter_items[i].hidden = false;
}

function add_collapse() {
    // Add links for show/hide all
    var resulttable = find('table#results-table');
    var showhideall = document.createElement("p");
    showhideall.innerHTML = '<a href="javascript:show_all_extras()">Show all details</a> / ' +
                            '<a href="javascript:hide_all_extras()">Hide all details</a>';
    resulttable.parentElement.insertBefore(showhideall, resulttable);

    // Add show/hide link to each result
    find_all('.col-result').forEach(function(elem) {
        var collapsed = get_query_parameter('collapsed') || 'Passed';
        var extras = elem.parentNode.nextElementSibling;
        var expandcollapse = document.createElement("span");
        if (extras.classList.contains("collapsed")) {
            expandcollapse.classList.add("expander")
        } else if (collapsed.includes(elem.innerHTML)) {
            extras.classList.add("collapsed");
            expandcollapse.classList.add("expander");
        } else {
            expandcollapse.classList.add("collapser");
        }
        elem.appendChild(expandcollapse);

        elem.addEventListener("click", function(event) {
            if (event.currentTarget.parentNode.nextElementSibling.classList.contains("collapsed")) {
                show_extras(event.currentTarget);
            } else {
                hide_extras(event.currentTarget);
            }
        });
    })
}

function get_query_parameter(name) {
    var match = RegExp('[?&]' + name + '=([^&]*)').exec(window.location.search);
    return match && decodeURIComponent(match[1].replace(/\+/g, ' '));
}

function init () {
    reset_sort_headers();

    add_collapse();

    show_filters();

    sort_column(find('.initial-sort'));

    find_all('.sortable').forEach(function(elem) {
        elem.addEventListener("click",
                              function(event) {
                                  sort_column(elem);
                              }, false)
    });

};

function sort_table(clicked, key_func) {
    var rows = find_all('.results-table-row');
    var reversed = !clicked.classList.contains('asc');
    var sorted_rows = sort(rows, key_func, reversed);
    /* Whole table is removed here because browsers acts much slower
     * when appending existing elements.
     */
    var thead = document.getElementById("results-table-head");
    document.getElementById('results-table').remove();
    var parent = document.createElement("table");
    parent.id = "results-table";
    parent.appendChild(thead);
    sorted_rows.forEach(function(elem) {
        parent.appendChild(elem);
    });
    document.getElementsByTagName("BODY")[0].appendChild(parent);
}

function sort(items, key_func, reversed) {
    var sort_array = items.map(function(item, i) {
        return [key_func(item), i];
    });

    sort_array.sort(function(a, b) {
        var key_a = a[0];
        var key_b = b[0];

        if (key_a == key_b) return 0;

        if (reversed) {
            return (key_a < key_b ? 1 : -1);
        } else {
            return (key_a > key_b ? 1 : -1);
        }
    });

    return sort_array.map(function(item) {
        var index = item[1];
        return items[index];
    });
}

function key_alpha(col_index) {
    return function(elem) {
        return elem.childNodes[1].childNodes[col_index].firstChild.data.toLowerCase();
    };
}

function key_num(col_index) {
    return function(elem) {
        return parseFloat(elem.childNodes[1].childNodes[col_index].firstChild.data);
    };
}

function key_result(col_index) {
    return function(elem) {
        var strings = ['Error', 'Failed', 'Rerun', 'XFailed', 'XPassed',
                       'Skipped', 'Passed'];
        return strings.indexOf(elem.childNodes[1].childNodes[col_index].firstChild.data);
    };
}

function reset_sort_headers() {
    find_all('.sort-icon').forEach(function(elem) {
        elem.parentNode.removeChild(elem);
    });
    find_all('.sortable').forEach(function(elem) {
        var icon = document.createElement("div");
        icon.className = "sort-icon";
        icon.textContent = "vvv";
        elem.insertBefore(icon, elem.firstChild);
        elem.classList.remove("desc", "active");
        elem.classList.add("asc", "inactive");
    });
}

function toggle_sort_states(elem) {
    //if active, toggle between asc and desc
    if (elem.classList.contains('active')) {
        elem.classList.toggle('asc');
        elem.classList.toggle('desc');
    }

    //if inactive, reset all other functions and add ascending active
    if (elem.classList.contains('inactive')) {
        reset_sort_headers();
        elem.classList.remove('inactive');
        elem.classList.add('active');
    }
}

function is_all_rows_hidden(value) {
  return value.hidden == false;
}

function filter_table(elem) {
    var outcome_att = "data-test-result";
    var outcome = elem.getAttribute(outcome_att);
    class_outcome = outcome + " results-table-row";
    var outcome_rows = document.getElementsByClassName(class_outcome);

    for(var i = 0; i < outcome_rows.length; i++){
        outcome_rows[i].hidden = !elem.checked;
    }

    var rows = find_all('.results-table-row').filter(is_all_rows_hidden);
    var all_rows_hidden = rows.length == 0 ? true : false;
    var not_found_message = document.getElementById("not-found-message");
    not_found_message.hidden = !all_rows_hidden;
}
</script>
    <h1>Test Report for Data Trading Survey</h1>
    <p>Report generated on 14-May-2020 at 10:15:56 by <a href="https://pypi.python.org/pypi/pytest-html">pytest-html</a> v2.1.1</p>
    <p>The table shows a summary of each tests and the output of those that have failed.</p>
    <h2>Environment</h2>
    <table id="environment">
      <tr>
        <td>JAVA_HOME</td>
        <td>/Library/Java/JavaVirtualMachines/jdk1.8.0_162.jdk/Contents/Home</td></tr>
      <tr>
        <td>Packages</td>
        <td>{"pluggy": "0.13.1", "py": "1.8.1", "pytest": "5.3.5"}</td></tr>
      <tr>
        <td>Platform</td>
        <td>Darwin-19.4.0-x86_64-i386-64bit</td></tr>
      <tr>
        <td>Plugins</td>
        <td>{"html": "2.1.1", "metadata": "1.9.0"}</td></tr>
      <tr>
        <td>Python</td>
        <td>3.6.2</td></tr></table>
    <h2>Summary</h2>
    <p>85 tests ran in 82.82 seconds. </p>
    <p class="filter" hidden="true">(Un)check the boxes to filter the results.</p><input checked="true" class="filter" data-test-result="passed" hidden="true" name="filter_checkbox" onChange="filter_table(this)" type="checkbox"/><span class="passed">82 passed</span>, <input checked="true" class="filter" data-test-result="skipped" disabled="true" hidden="true" name="filter_checkbox" onChange="filter_table(this)" type="checkbox"/><span class="skipped">0 skipped</span>, <input checked="true" class="filter" data-test-result="failed" hidden="true" name="filter_checkbox" onChange="filter_table(this)" type="checkbox"/><span class="failed">3 failed</span>, <input checked="true" class="filter" data-test-result="error" disabled="true" hidden="true" name="filter_checkbox" onChange="filter_table(this)" type="checkbox"/><span class="error">0 errors</span>, <input checked="true" class="filter" data-test-result="xfailed" disabled="true" hidden="true" name="filter_checkbox" onChange="filter_table(this)" type="checkbox"/><span class="xfailed">0 expected failures</span>, <input checked="true" class="filter" data-test-result="xpassed" disabled="true" hidden="true" name="filter_checkbox" onChange="filter_table(this)" type="checkbox"/><span class="xpassed">0 unexpected passes</span>
    <h2>Results</h2>
    <table id="results-table">
      <thead id="results-table-head">
        <tr>
          <th class="sortable result initial-sort" col="result">Result</th>
          <th class="sortable" col="name">Test</th>
          <th class="sortable numeric" col="duration">Duration</th>
          <th>Links</th></tr>
        <tr hidden="true" id="not-found-message">
          <th colspan="4">No results found. Try to check the filters</th></tr></thead>
      <tbody class="failed results-table-row">
        <tr>
          <td class="col-result">Failed</td>
          <td class="col-name">tests/admin/functional/test_card_set.py::test_edit_future_card_set</td>
          <td class="col-duration">0.69</td>
          <td class="col-links"></td></tr>
        <tr>
          <td class="extra" colspan="4">
            <div class="log">client = &lt;FlaskClient &lt;Flask &#x27;app&#x27;&gt;&gt;, init_database = &lt;SQLAlchemy engine=sqlite://&gt;<br/><br/>    def test_edit_future_card_set(client, init_database):<br/>        &quot;&quot;&quot;<br/>        GIVEN a Flask application, logged in admin and card set which is added to a future study<br/>        WHEN &#x27;/admin/card_set/1&#x27; is requested (GET)<br/>        THEN check response is valid and card set can be edited.<br/>        &quot;&quot;&quot;<br/>        with client.application.test_request_context():<br/>    <br/>            admin = create_admin(client, username=&quot;admin&quot;, password=&quot;password&quot;)<br/>            login(client, username=&quot;admin&quot;, password=&quot;password&quot;)<br/>            card_set = create_card_set(client, creator=admin)<br/>            study = create_study(<br/>                client,<br/>                creator=admin,<br/>                card_set_x=card_set,<br/>                start_date=date.today() + timedelta(days=3),<br/>            )<br/>    <br/>            response = client.get(<br/>                url_for(&quot;admin.card_set&quot;, id=study.card_set_x.id),<br/>                follow_redirects=True,<br/>            )<br/>    <br/>            assert response.status_code == 200<br/>            for card in card_set.cards:<br/>                assert bytes(card.name, &quot;utf-8&quot;) in response.data<br/>                assert bytes(card.description, &quot;utf-8&quot;) in response.data<br/>    <br/>            form_card = CardForm(<br/>                card_name=&quot;Updated Card&quot;, image=None, desc=&quot;Updated Description&quot;<br/>            )<br/>            form_card_set = CardSetForm()<br/>            form_card_set.card_set_name.data = &quot;Updated Card Set&quot;<br/>            form_card_set.cards.pop_entry()<br/>            form_card_set.cards.append_entry(<br/>                {<br/>                    &quot;card_name&quot;: &quot;Updated Card&quot;,<br/>                    &quot;image&quot;: None,<br/>                    &quot;desc&quot;: &quot;Updated Description&quot;,<br/>                }<br/>            )<br/>            # form_card_set.cards.append_entry(form_card)<br/>            form_card_set.measure.data = &quot;Updated Measure&quot;<br/>    <br/>            response = client.post(<br/>                url_for(&quot;admin.card_set&quot;, id=study.card_set_x.id),<br/>                data=form_card_set.data,<br/>                follow_redirects=True,<br/>            )<br/>    <br/>&gt;           assert study.card_set_x.name == &quot;Updated Card Set&quot;<br/><span class="error">E           AssertionError: assert &#x27;Test Card Set&#x27; == &#x27;Updated Card Set&#x27;</span><br/><span class="error">E             - Test Card Set</span><br/><span class="error">E             + Updated Card Set</span><br/><br/>tests/admin/functional/test_card_set.py:294: AssertionError<br/></div></td></tr></tbody>
      <tbody class="failed results-table-row">
        <tr>
          <td class="col-result">Failed</td>
          <td class="col-name">tests/admin/functional/test_user_group.py::test_create_valid_user_group</td>
          <td class="col-duration">0.46</td>
          <td class="col-links"></td></tr>
        <tr>
          <td class="extra" colspan="4">
            <div class="log">client = &lt;FlaskClient &lt;Flask &#x27;app&#x27;&gt;&gt;, init_database = &lt;SQLAlchemy engine=sqlite://&gt;<br/><br/>    def test_create_valid_user_group(client, init_database):<br/>        &quot;&quot;&quot;<br/>        GIVEN a Flask application, logged in admin<br/>        WHEN &#x27;/admin/new_user_group/1&#x27; is requested (GET)<br/>        WHEN &#x27;/admin/study/1&#x27; is posted with valid data (POST).<br/>        THEN check response is valid and the user group has been created.<br/>        &quot;&quot;&quot;<br/>    <br/>        user_group_form = UserGroupForm()<br/>    <br/>        data = {<br/>            &quot;name&quot;: &quot;Test&quot;,<br/>            &quot;users&quot;: [{&quot;email&quot;: &quot;test@test.com&quot;}, {&quot;email&quot;: &quot;b@b.com&quot;}],<br/>            &quot;submit&quot;: True,<br/>        }<br/>        user_group_form.name.data = &quot;User Group 1&quot;<br/>        user_group_form.users.pop_entry()<br/>        user_group_form.users.append_entry({&quot;email&quot;: &quot;test@test.com&quot;})<br/>        user_group_form.submit.data = True<br/>    <br/>        with client.application.test_request_context():<br/>    <br/>            admin = create_admin(client, username=&quot;admin&quot;, password=&quot;password&quot;)<br/>            login(client, username=&quot;admin&quot;, password=&quot;password&quot;)<br/>            client.get(url_for(&quot;admin.new_user_group&quot;))<br/>            response = client.post(<br/>                url_for(&quot;admin.user_group&quot;, id=1),<br/>                data=user_group_form.data,<br/>                follow_redirects=True,<br/>            )<br/>    <br/>            assert response.status_code == 200<br/>            assert b&quot;User Group 1&quot; in response.data<br/>    <br/>            user_group = UserGroup.query.filter_by(id=1).first()<br/>    <br/>&gt;           assert user_group.name == &quot;User Group 1&quot;<br/><span class="error">E           AssertionError: assert None == &#x27;User Group 1&#x27;</span><br/><span class="error">E            +  where None = None.name</span><br/><br/>tests/admin/functional/test_user_group.py:54: AssertionError<br/> -----------------------------Captured stdout setup------------------------------ <br/>THIS APP IS IN TEST CONFIGURATION. DO NOT USE IN PRODUCTION.
<br/></div></td></tr></tbody>
      <tbody class="failed results-table-row">
        <tr>
          <td class="col-result">Failed</td>
          <td class="col-name">tests/admin/functional/test_user_group.py::test_edit_future_user_group</td>
          <td class="col-duration">0.66</td>
          <td class="col-links"></td></tr>
        <tr>
          <td class="extra" colspan="4">
            <div class="log">client = &lt;FlaskClient &lt;Flask &#x27;app&#x27;&gt;&gt;, init_database = &lt;SQLAlchemy engine=sqlite://&gt;<br/><br/>    def test_edit_future_user_group(client, init_database):<br/>        &quot;&quot;&quot;<br/>        GIVEN a Flask application, logged in admin, and a user group added to a future study<br/>        WHEN &#x27;/admin/study/1&#x27; is requested (GET)<br/>        THEN check response is valid and the user group can be edited.<br/>        &quot;&quot;&quot;<br/>        with client.application.test_request_context():<br/>    <br/>            admin = create_admin(client, username=&quot;admin&quot;, password=&quot;password&quot;)<br/>            login(client, username=&quot;admin&quot;, password=&quot;password&quot;)<br/>    <br/>            user_group = create_user_group(client, creator=admin)<br/>            study = create_study(<br/>                client,<br/>                creator=admin,<br/>                user_group=user_group,<br/>                start_date=date.today() + timedelta(days=1),<br/>            )<br/>    <br/>            response = client.get(<br/>                url_for(&quot;admin.user_group&quot;, id=user_group.id),<br/>                follow_redirects=True,<br/>            )<br/>    <br/>            assert response.status_code == 200<br/>            for user in study.user_group.users:<br/>                assert bytes(user.email, &quot;utf-8&quot;) in response.data<br/>    <br/>            form = UserGroupForm()<br/>            assert bytes(form.name.label.text, &quot;utf-8&quot;) in response.data<br/>            assert bytes(form.users.label.text, &quot;utf-8&quot;) in response.data<br/>    <br/>            user_group_form = UserGroupForm()<br/>    <br/>            user_group_form.name.data = &quot;Edited User Group 1&quot;<br/>            user_group_form.users.pop_entry()<br/>            user_group_form.users.append_entry(&quot;test2@test.com&quot;)<br/>            user_group_form.submit.data = True<br/>    <br/>            response = client.post(<br/>                url_for(&quot;admin.user_group&quot;, id=1),<br/>                data=user_group_form.data,<br/>                follow_redirects=True,<br/>            )<br/>    <br/>            assert response.status_code == 200<br/>    <br/>            user_group = UserGroup.query.filter_by(id=1).first()<br/>    <br/>&gt;           assert user_group.name == &quot;Edited User Group 1&quot;<br/><span class="error">E           AssertionError: assert &#x27;Test User Group&#x27; == &#x27;Edited User Group 1&#x27;</span><br/><span class="error">E             - Test User Group</span><br/><span class="error">E             + Edited User Group 1</span><br/><br/>tests/admin/functional/test_user_group.py:270: AssertionError<br/></div></td></tr></tbody>
      <tbody class="passed results-table-row">
        <tr>
          <td class="col-result">Passed</td>
          <td class="col-name">tests/admin/functional/test_admin_decorators.py::test_login_required</td>
          <td class="col-duration">0.59</td>
          <td class="col-links"></td></tr>
        <tr>
          <td class="extra" colspan="4">
            <div class="log"> -----------------------------Captured stdout setup------------------------------ <br/>THIS APP IS IN TEST CONFIGURATION. DO NOT USE IN PRODUCTION.
<br/></div></td></tr></tbody>
      <tbody class="passed results-table-row">
        <tr>
          <td class="col-result">Passed</td>
          <td class="col-name">tests/admin/functional/test_admin_decorators.py::test_admin_required</td>
          <td class="col-duration">0.80</td>
          <td class="col-links"></td></tr>
        <tr>
          <td class="extra" colspan="4">
            <div class="empty log">No log output captured.</div></td></tr></tbody>
      <tbody class="passed results-table-row">
        <tr>
          <td class="col-result">Passed</td>
          <td class="col-name">tests/admin/functional/test_admin_decorators.py::test_valid_admin_required</td>
          <td class="col-duration">0.81</td>
          <td class="col-links"></td></tr>
        <tr>
          <td class="extra" colspan="4">
            <div class="empty log">No log output captured.</div></td></tr></tbody>
      <tbody class="passed results-table-row">
        <tr>
          <td class="col-result">Passed</td>
          <td class="col-name">tests/admin/functional/test_admin_decorators.py::test_check_delete</td>
          <td class="col-duration">0.44</td>
          <td class="col-links"></td></tr>
        <tr>
          <td class="extra" colspan="4">
            <div class="empty log">No log output captured.</div></td></tr></tbody>
      <tbody class="passed results-table-row">
        <tr>
          <td class="col-result">Passed</td>
          <td class="col-name">tests/admin/functional/test_admin_decorators.py::test_check_edit</td>
          <td class="col-duration">0.42</td>
          <td class="col-links"></td></tr>
        <tr>
          <td class="extra" colspan="4">
            <div class="empty log">No log output captured.</div></td></tr></tbody>
      <tbody class="passed results-table-row">
        <tr>
          <td class="col-result">Passed</td>
          <td class="col-name">tests/admin/functional/test_admin_index.py::test_get_index</td>
          <td class="col-duration">0.65</td>
          <td class="col-links"></td></tr>
        <tr>
          <td class="extra" colspan="4">
            <div class="log"> -----------------------------Captured stdout setup------------------------------ <br/>THIS APP IS IN TEST CONFIGURATION. DO NOT USE IN PRODUCTION.
<br/></div></td></tr></tbody>
      <tbody class="passed results-table-row">
        <tr>
          <td class="col-result">Passed</td>
          <td class="col-name">tests/admin/functional/test_admin_index.py::test_get_index_multiple_admins</td>
          <td class="col-duration">0.75</td>
          <td class="col-links"></td></tr>
        <tr>
          <td class="extra" colspan="4">
            <div class="empty log">No log output captured.</div></td></tr></tbody>
      <tbody class="passed results-table-row">
        <tr>
          <td class="col-result">Passed</td>
          <td class="col-name">tests/admin/functional/test_card_set.py::test_create_valid_card_set</td>
          <td class="col-duration">0.40</td>
          <td class="col-links"></td></tr>
        <tr>
          <td class="extra" colspan="4">
            <div class="log"> -----------------------------Captured stdout setup------------------------------ <br/>THIS APP IS IN TEST CONFIGURATION. DO NOT USE IN PRODUCTION.
<br/></div></td></tr></tbody>
      <tbody class="passed results-table-row">
        <tr>
          <td class="col-result">Passed</td>
          <td class="col-name">tests/admin/functional/test_card_set.py::test_create_invalid_card_set</td>
          <td class="col-duration">0.19</td>
          <td class="col-links"></td></tr>
        <tr>
          <td class="extra" colspan="4">
            <div class="empty log">No log output captured.</div></td></tr></tbody>
      <tbody class="passed results-table-row">
        <tr>
          <td class="col-result">Passed</td>
          <td class="col-name">tests/admin/functional/test_card_set.py::test_delete_current_card_set</td>
          <td class="col-duration">0.46</td>
          <td class="col-links"></td></tr>
        <tr>
          <td class="extra" colspan="4">
            <div class="empty log">No log output captured.</div></td></tr></tbody>
      <tbody class="passed results-table-row">
        <tr>
          <td class="col-result">Passed</td>
          <td class="col-name">tests/admin/functional/test_card_set.py::test_delete_future_card_set</td>
          <td class="col-duration">0.73</td>
          <td class="col-links"></td></tr>
        <tr>
          <td class="extra" colspan="4">
            <div class="empty log">No log output captured.</div></td></tr></tbody>
      <tbody class="passed results-table-row">
        <tr>
          <td class="col-result">Passed</td>
          <td class="col-name">tests/admin/functional/test_card_set.py::test_delete_card_set</td>
          <td class="col-duration">0.35</td>
          <td class="col-links"></td></tr>
        <tr>
          <td class="extra" colspan="4">
            <div class="empty log">No log output captured.</div></td></tr></tbody>
      <tbody class="passed results-table-row">
        <tr>
          <td class="col-result">Passed</td>
          <td class="col-name">tests/admin/functional/test_card_set.py::test_edit_current_card_set</td>
          <td class="col-duration">0.87</td>
          <td class="col-links"></td></tr>
        <tr>
          <td class="extra" colspan="4">
            <div class="empty log">No log output captured.</div></td></tr></tbody>
      <tbody class="passed results-table-row">
        <tr>
          <td class="col-result">Passed</td>
          <td class="col-name">tests/admin/functional/test_study2.py::test_create_valid_study</td>
          <td class="col-duration">0.78</td>
          <td class="col-links"></td></tr>
        <tr>
          <td class="extra" colspan="4">
            <div class="log"> -----------------------------Captured stdout setup------------------------------ <br/>THIS APP IS IN TEST CONFIGURATION. DO NOT USE IN PRODUCTION.
<br/></div></td></tr></tbody>
      <tbody class="passed results-table-row">
        <tr>
          <td class="col-result">Passed</td>
          <td class="col-name">tests/admin/functional/test_study2.py::test_create_invalid_study</td>
          <td class="col-duration">0.55</td>
          <td class="col-links"></td></tr>
        <tr>
          <td class="extra" colspan="4">
            <div class="empty log">No log output captured.</div></td></tr></tbody>
      <tbody class="passed results-table-row">
        <tr>
          <td class="col-result">Passed</td>
          <td class="col-name">tests/admin/functional/test_study2.py::test_delete_current_study</td>
          <td class="col-duration">0.48</td>
          <td class="col-links"></td></tr>
        <tr>
          <td class="extra" colspan="4">
            <div class="empty log">No log output captured.</div></td></tr></tbody>
      <tbody class="passed results-table-row">
        <tr>
          <td class="col-result">Passed</td>
          <td class="col-name">tests/admin/functional/test_study2.py::test_delete_future_study</td>
          <td class="col-duration">0.57</td>
          <td class="col-links"></td></tr>
        <tr>
          <td class="extra" colspan="4">
            <div class="empty log">No log output captured.</div></td></tr></tbody>
      <tbody class="passed results-table-row">
        <tr>
          <td class="col-result">Passed</td>
          <td class="col-name">tests/admin/functional/test_study2.py::test_edit_current_study</td>
          <td class="col-duration">0.44</td>
          <td class="col-links"></td></tr>
        <tr>
          <td class="extra" colspan="4">
            <div class="empty log">No log output captured.</div></td></tr></tbody>
      <tbody class="passed results-table-row">
        <tr>
          <td class="col-result">Passed</td>
          <td class="col-name">tests/admin/functional/test_study2.py::test_edit_future_study</td>
          <td class="col-duration">0.49</td>
          <td class="col-links"></td></tr>
        <tr>
          <td class="extra" colspan="4">
            <div class="empty log">No log output captured.</div></td></tr></tbody>
      <tbody class="passed results-table-row">
        <tr>
          <td class="col-result">Passed</td>
          <td class="col-name">tests/admin/functional/test_user_group.py::test_create_invalid_user_group</td>
          <td class="col-duration">0.21</td>
          <td class="col-links"></td></tr>
        <tr>
          <td class="extra" colspan="4">
            <div class="empty log">No log output captured.</div></td></tr></tbody>
      <tbody class="passed results-table-row">
        <tr>
          <td class="col-result">Passed</td>
          <td class="col-name">tests/admin/functional/test_user_group.py::test_delete_current_user_group</td>
          <td class="col-duration">0.51</td>
          <td class="col-links"></td></tr>
        <tr>
          <td class="extra" colspan="4">
            <div class="empty log">No log output captured.</div></td></tr></tbody>
      <tbody class="passed results-table-row">
        <tr>
          <td class="col-result">Passed</td>
          <td class="col-name">tests/admin/functional/test_user_group.py::test_delete_future_user_group</td>
          <td class="col-duration">0.63</td>
          <td class="col-links"></td></tr>
        <tr>
          <td class="extra" colspan="4">
            <div class="empty log">No log output captured.</div></td></tr></tbody>
      <tbody class="passed results-table-row">
        <tr>
          <td class="col-result">Passed</td>
          <td class="col-name">tests/admin/functional/test_user_group.py::test_delete_user_group</td>
          <td class="col-duration">0.48</td>
          <td class="col-links"></td></tr>
        <tr>
          <td class="extra" colspan="4">
            <div class="empty log">No log output captured.</div></td></tr></tbody>
      <tbody class="passed results-table-row">
        <tr>
          <td class="col-result">Passed</td>
          <td class="col-name">tests/admin/functional/test_user_group.py::test_edit_current_user_group</td>
          <td class="col-duration">0.59</td>
          <td class="col-links"></td></tr>
        <tr>
          <td class="extra" colspan="4">
            <div class="empty log">No log output captured.</div></td></tr></tbody>
      <tbody class="passed results-table-row">
        <tr>
          <td class="col-result">Passed</td>
          <td class="col-name">tests/api/functional/test_auth.py::test_valid_login</td>
          <td class="col-duration">0.54</td>
          <td class="col-links"></td></tr>
        <tr>
          <td class="extra" colspan="4">
            <div class="log"> -----------------------------Captured stdout setup------------------------------ <br/>THIS APP IS IN TEST CONFIGURATION. DO NOT USE IN PRODUCTION.
<br/></div></td></tr></tbody>
      <tbody class="passed results-table-row">
        <tr>
          <td class="col-result">Passed</td>
          <td class="col-name">tests/api/functional/test_get.py::test_get_no_access_token</td>
          <td class="col-duration">0.02</td>
          <td class="col-links"></td></tr>
        <tr>
          <td class="extra" colspan="4">
            <div class="log"> -----------------------------Captured stdout setup------------------------------ <br/>THIS APP IS IN TEST CONFIGURATION. DO NOT USE IN PRODUCTION.
<br/></div></td></tr></tbody>
      <tbody class="passed results-table-row">
        <tr>
          <td class="col-result">Passed</td>
          <td class="col-name">tests/api/functional/test_get.py::test_get_individual_response</td>
          <td class="col-duration">1.68</td>
          <td class="col-links"></td></tr>
        <tr>
          <td class="extra" colspan="4">
            <div class="empty log">No log output captured.</div></td></tr></tbody>
      <tbody class="passed results-table-row">
        <tr>
          <td class="col-result">Passed</td>
          <td class="col-name">tests/api/functional/test_get.py::test_get_all_responses</td>
          <td class="col-duration">1.92</td>
          <td class="col-links"></td></tr>
        <tr>
          <td class="extra" colspan="4">
            <div class="empty log">No log output captured.</div></td></tr></tbody>
      <tbody class="passed results-table-row">
        <tr>
          <td class="col-result">Passed</td>
          <td class="col-name">tests/api/functional/test_get.py::test_get_individual_participant</td>
          <td class="col-duration">0.59</td>
          <td class="col-links"></td></tr>
        <tr>
          <td class="extra" colspan="4">
            <div class="empty log">No log output captured.</div></td></tr></tbody>
      <tbody class="passed results-table-row">
        <tr>
          <td class="col-result">Passed</td>
          <td class="col-name">tests/api/functional/test_get.py::test_get_all_participants</td>
          <td class="col-duration">0.76</td>
          <td class="col-links"></td></tr>
        <tr>
          <td class="extra" colspan="4">
            <div class="empty log">No log output captured.</div></td></tr></tbody>
      <tbody class="passed results-table-row">
        <tr>
          <td class="col-result">Passed</td>
          <td class="col-name">tests/api/functional/test_get.py::test_get_individual_user_group</td>
          <td class="col-duration">0.65</td>
          <td class="col-links"></td></tr>
        <tr>
          <td class="extra" colspan="4">
            <div class="empty log">No log output captured.</div></td></tr></tbody>
      <tbody class="passed results-table-row">
        <tr>
          <td class="col-result">Passed</td>
          <td class="col-name">tests/api/functional/test_get.py::test_get_all_user_groups</td>
          <td class="col-duration">0.96</td>
          <td class="col-links"></td></tr>
        <tr>
          <td class="extra" colspan="4">
            <div class="empty log">No log output captured.</div></td></tr></tbody>
      <tbody class="passed results-table-row">
        <tr>
          <td class="col-result">Passed</td>
          <td class="col-name">tests/api/functional/test_get.py::test_get_indvidual_data_value_label</td>
          <td class="col-duration">0.34</td>
          <td class="col-links"></td></tr>
        <tr>
          <td class="extra" colspan="4">
            <div class="empty log">No log output captured.</div></td></tr></tbody>
      <tbody class="passed results-table-row">
        <tr>
          <td class="col-result">Passed</td>
          <td class="col-name">tests/api/functional/test_get.py::test_get_all_data_value_label</td>
          <td class="col-duration">0.34</td>
          <td class="col-links"></td></tr>
        <tr>
          <td class="extra" colspan="4">
            <div class="empty log">No log output captured.</div></td></tr></tbody>
      <tbody class="passed results-table-row">
        <tr>
          <td class="col-result">Passed</td>
          <td class="col-name">tests/api/functional/test_get.py::test_get_individual_study</td>
          <td class="col-duration">0.72</td>
          <td class="col-links"></td></tr>
        <tr>
          <td class="extra" colspan="4">
            <div class="empty log">No log output captured.</div></td></tr></tbody>
      <tbody class="passed results-table-row">
        <tr>
          <td class="col-result">Passed</td>
          <td class="col-name">tests/api/functional/test_get.py::test_get_all_studies</td>
          <td class="col-duration">1.08</td>
          <td class="col-links"></td></tr>
        <tr>
          <td class="extra" colspan="4">
            <div class="empty log">No log output captured.</div></td></tr></tbody>
      <tbody class="passed results-table-row">
        <tr>
          <td class="col-result">Passed</td>
          <td class="col-name">tests/api/functional/test_get.py::test_get_individual_cards</td>
          <td class="col-duration">0.56</td>
          <td class="col-links"></td></tr>
        <tr>
          <td class="extra" colspan="4">
            <div class="empty log">No log output captured.</div></td></tr></tbody>
      <tbody class="passed results-table-row">
        <tr>
          <td class="col-result">Passed</td>
          <td class="col-name">tests/api/functional/test_get.py::test_get_all_cards</td>
          <td class="col-duration">0.38</td>
          <td class="col-links"></td></tr>
        <tr>
          <td class="extra" colspan="4">
            <div class="empty log">No log output captured.</div></td></tr></tbody>
      <tbody class="passed results-table-row">
        <tr>
          <td class="col-result">Passed</td>
          <td class="col-name">tests/api/functional/test_get.py::test_get_individual_card_set</td>
          <td class="col-duration">0.46</td>
          <td class="col-links"></td></tr>
        <tr>
          <td class="extra" colspan="4">
            <div class="empty log">No log output captured.</div></td></tr></tbody>
      <tbody class="passed results-table-row">
        <tr>
          <td class="col-result">Passed</td>
          <td class="col-name">tests/api/functional/test_get.py::test_get_all_card_sets</td>
          <td class="col-duration">0.46</td>
          <td class="col-links"></td></tr>
        <tr>
          <td class="extra" colspan="4">
            <div class="empty log">No log output captured.</div></td></tr></tbody>
      <tbody class="passed results-table-row">
        <tr>
          <td class="col-result">Passed</td>
          <td class="col-name">tests/auth/functional/test_admins.py::test_valid_login</td>
          <td class="col-duration">0.40</td>
          <td class="col-links"></td></tr>
        <tr>
          <td class="extra" colspan="4">
            <div class="log"> -----------------------------Captured stdout setup------------------------------ <br/>THIS APP IS IN TEST CONFIGURATION. DO NOT USE IN PRODUCTION.
<br/></div></td></tr></tbody>
      <tbody class="passed results-table-row">
        <tr>
          <td class="col-result">Passed</td>
          <td class="col-name">tests/auth/functional/test_admins.py::test_logout_logged_in</td>
          <td class="col-duration">0.20</td>
          <td class="col-links"></td></tr>
        <tr>
          <td class="extra" colspan="4">
            <div class="empty log">No log output captured.</div></td></tr></tbody>
      <tbody class="passed results-table-row">
        <tr>
          <td class="col-result">Passed</td>
          <td class="col-name">tests/auth/functional/test_admins.py::test_logout_not_logged_in</td>
          <td class="col-duration">0.01</td>
          <td class="col-links"></td></tr>
        <tr>
          <td class="extra" colspan="4">
            <div class="empty log">No log output captured.</div></td></tr></tbody>
      <tbody class="passed results-table-row">
        <tr>
          <td class="col-result">Passed</td>
          <td class="col-name">tests/auth/functional/test_participants.py::test_valid_login</td>
          <td class="col-duration">0.90</td>
          <td class="col-links"></td></tr>
        <tr>
          <td class="extra" colspan="4">
            <div class="log"> -----------------------------Captured stdout setup------------------------------ <br/>THIS APP IS IN TEST CONFIGURATION. DO NOT USE IN PRODUCTION.
<br/></div></td></tr></tbody>
      <tbody class="passed results-table-row">
        <tr>
          <td class="col-result">Passed</td>
          <td class="col-name">tests/auth/functional/test_participants.py::test_logout_logged_in</td>
          <td class="col-duration">0.21</td>
          <td class="col-links"></td></tr>
        <tr>
          <td class="extra" colspan="4">
            <div class="empty log">No log output captured.</div></td></tr></tbody>
      <tbody class="passed results-table-row">
        <tr>
          <td class="col-result">Passed</td>
          <td class="col-name">tests/auth/functional/test_participants.py::test_logout_not_logged_in</td>
          <td class="col-duration">0.01</td>
          <td class="col-links"></td></tr>
        <tr>
          <td class="extra" colspan="4">
            <div class="empty log">No log output captured.</div></td></tr></tbody>
      <tbody class="passed results-table-row">
        <tr>
          <td class="col-result">Passed</td>
          <td class="col-name">tests/errors/functional/test_handler_admin.py::test_admin_error_handler_404</td>
          <td class="col-duration">0.40</td>
          <td class="col-links"></td></tr>
        <tr>
          <td class="extra" colspan="4">
            <div class="log"> -----------------------------Captured stdout setup------------------------------ <br/>THIS APP IS IN TEST CONFIGURATION. DO NOT USE IN PRODUCTION.
<br/></div></td></tr></tbody>
      <tbody class="passed results-table-row">
        <tr>
          <td class="col-result">Passed</td>
          <td class="col-name">tests/errors/functional/test_handler_admin.py::test_admin_error_handler_405</td>
          <td class="col-duration">0.37</td>
          <td class="col-links"></td></tr>
        <tr>
          <td class="extra" colspan="4">
            <div class="empty log">No log output captured.</div></td></tr></tbody>
      <tbody class="passed results-table-row">
        <tr>
          <td class="col-result">Passed</td>
          <td class="col-name">tests/errors/functional/test_handler_anon.py::test_anonymous_error_handler_404</td>
          <td class="col-duration">0.01</td>
          <td class="col-links"></td></tr>
        <tr>
          <td class="extra" colspan="4">
            <div class="log"> -----------------------------Captured stdout setup------------------------------ <br/>THIS APP IS IN TEST CONFIGURATION. DO NOT USE IN PRODUCTION.
<br/></div></td></tr></tbody>
      <tbody class="passed results-table-row">
        <tr>
          <td class="col-result">Passed</td>
          <td class="col-name">tests/errors/functional/test_handler_anon.py::test_anonymous_error_handler_405</td>
          <td class="col-duration">0.00</td>
          <td class="col-links"></td></tr>
        <tr>
          <td class="extra" colspan="4">
            <div class="empty log">No log output captured.</div></td></tr></tbody>
      <tbody class="passed results-table-row">
        <tr>
          <td class="col-result">Passed</td>
          <td class="col-name">tests/errors/functional/test_handler_participant.py::test_participant_error_handler_404</td>
          <td class="col-duration">0.40</td>
          <td class="col-links"></td></tr>
        <tr>
          <td class="extra" colspan="4">
            <div class="log"> -----------------------------Captured stdout setup------------------------------ <br/>THIS APP IS IN TEST CONFIGURATION. DO NOT USE IN PRODUCTION.
<br/></div></td></tr></tbody>
      <tbody class="passed results-table-row">
        <tr>
          <td class="col-result">Passed</td>
          <td class="col-name">tests/errors/functional/test_handler_participant.py::test_participant_error_handler_405</td>
          <td class="col-duration">0.39</td>
          <td class="col-links"></td></tr>
        <tr>
          <td class="extra" colspan="4">
            <div class="empty log">No log output captured.</div></td></tr></tbody>
      <tbody class="passed results-table-row">
        <tr>
          <td class="col-result">Passed</td>
          <td class="col-name">tests/mailer/functional/test_send_mail.py::test_send_mail</td>
          <td class="col-duration">3.80</td>
          <td class="col-links"></td></tr>
        <tr>
          <td class="extra" colspan="4">
            <div class="log"> -----------------------------Captured stdout setup------------------------------ <br/>THIS APP IS IN TEST CONFIGURATION. DO NOT USE IN PRODUCTION.
<br/></div></td></tr></tbody>
      <tbody class="passed results-table-row">
        <tr>
          <td class="col-result">Passed</td>
          <td class="col-name">tests/responses/functional/test_average_response.py::test_get_average_response</td>
          <td class="col-duration">2.61</td>
          <td class="col-links"></td></tr>
        <tr>
          <td class="extra" colspan="4">
            <div class="log"> -----------------------------Captured stdout setup------------------------------ <br/>THIS APP IS IN TEST CONFIGURATION. DO NOT USE IN PRODUCTION.
<br/></div></td></tr></tbody>
      <tbody class="passed results-table-row">
        <tr>
          <td class="col-result">Passed</td>
          <td class="col-name">tests/responses/functional/test_compare_responses.py::test_get_compare_responses</td>
          <td class="col-duration">2.29</td>
          <td class="col-links"></td></tr>
        <tr>
          <td class="extra" colspan="4">
            <div class="log"> -----------------------------Captured stdout setup------------------------------ <br/>THIS APP IS IN TEST CONFIGURATION. DO NOT USE IN PRODUCTION.
<br/></div></td></tr></tbody>
      <tbody class="passed results-table-row">
        <tr>
          <td class="col-result">Passed</td>
          <td class="col-name">tests/responses/functional/test_compare_responses.py::test_post_compare_responses</td>
          <td class="col-duration">1.50</td>
          <td class="col-links"></td></tr>
        <tr>
          <td class="extra" colspan="4">
            <div class="empty log">No log output captured.</div></td></tr></tbody>
      <tbody class="passed results-table-row">
        <tr>
          <td class="col-result">Passed</td>
          <td class="col-name">tests/responses/functional/test_create_pdf.py::test_get_create_pdf</td>
          <td class="col-duration">1.62</td>
          <td class="col-links"></td></tr>
        <tr>
          <td class="extra" colspan="4">
            <div class="log"> -----------------------------Captured stdout setup------------------------------ <br/>THIS APP IS IN TEST CONFIGURATION. DO NOT USE IN PRODUCTION.
<br/></div></td></tr></tbody>
      <tbody class="passed results-table-row">
        <tr>
          <td class="col-result">Passed</td>
          <td class="col-name">tests/responses/functional/test_general.py::test_get_general_study</td>
          <td class="col-duration">1.46</td>
          <td class="col-links"></td></tr>
        <tr>
          <td class="extra" colspan="4">
            <div class="log"> -----------------------------Captured stdout setup------------------------------ <br/>THIS APP IS IN TEST CONFIGURATION. DO NOT USE IN PRODUCTION.
<br/></div></td></tr></tbody>
      <tbody class="passed results-table-row">
        <tr>
          <td class="col-result">Passed</td>
          <td class="col-name">tests/responses/functional/test_general.py::test_get_general_no_study</td>
          <td class="col-duration">0.37</td>
          <td class="col-links"></td></tr>
        <tr>
          <td class="extra" colspan="4">
            <div class="empty log">No log output captured.</div></td></tr></tbody>
      <tbody class="passed results-table-row">
        <tr>
          <td class="col-result">Passed</td>
          <td class="col-name">tests/responses/functional/test_heat_maps.py::test_get_heat_maps</td>
          <td class="col-duration">1.55</td>
          <td class="col-links"></td></tr>
        <tr>
          <td class="extra" colspan="4">
            <div class="log"> -----------------------------Captured stdout setup------------------------------ <br/>THIS APP IS IN TEST CONFIGURATION. DO NOT USE IN PRODUCTION.
<br/></div></td></tr></tbody>
      <tbody class="passed results-table-row">
        <tr>
          <td class="col-result">Passed</td>
          <td class="col-name">tests/responses/unit/test_add_heat_maps.py::test_CreateOneHeatMap</td>
          <td class="col-duration">0.63</td>
          <td class="col-links"></td></tr>
        <tr>
          <td class="extra" colspan="4">
            <div class="log"> -----------------------------Captured stdout setup------------------------------ <br/>THIS APP IS IN TEST CONFIGURATION. DO NOT USE IN PRODUCTION.
<br/></div></td></tr></tbody>
      <tbody class="passed results-table-row">
        <tr>
          <td class="col-result">Passed</td>
          <td class="col-name">tests/responses/unit/test_add_heat_maps.py::test_CreateOneHeatMapCount</td>
          <td class="col-duration">0.66</td>
          <td class="col-links"></td></tr>
        <tr>
          <td class="extra" colspan="4">
            <div class="empty log">No log output captured.</div></td></tr></tbody>
      <tbody class="passed results-table-row">
        <tr>
          <td class="col-result">Passed</td>
          <td class="col-name">tests/responses/unit/test_add_heat_maps.py::test_calculate_price</td>
          <td class="col-duration">1.14</td>
          <td class="col-links"></td></tr>
        <tr>
          <td class="extra" colspan="4">
            <div class="empty log">No log output captured.</div></td></tr></tbody>
      <tbody class="passed results-table-row">
        <tr>
          <td class="col-result">Passed</td>
          <td class="col-name">tests/responses/unit/test_add_heat_maps.py::test_calculate_count</td>
          <td class="col-duration">1.99</td>
          <td class="col-links"></td></tr>
        <tr>
          <td class="extra" colspan="4">
            <div class="empty log">No log output captured.</div></td></tr></tbody>
      <tbody class="passed results-table-row">
        <tr>
          <td class="col-result">Passed</td>
          <td class="col-name">tests/responses/unit/test_average_response_unit.py::test_average_response</td>
          <td class="col-duration">2.92</td>
          <td class="col-links"></td></tr>
        <tr>
          <td class="extra" colspan="4">
            <div class="log"> -----------------------------Captured stdout setup------------------------------ <br/>THIS APP IS IN TEST CONFIGURATION. DO NOT USE IN PRODUCTION.
<br/></div></td></tr></tbody>
      <tbody class="passed results-table-row">
        <tr>
          <td class="col-result">Passed</td>
          <td class="col-name">tests/responses/unit/test_create_pdf_unit.py::test_create_pdf</td>
          <td class="col-duration">12.36</td>
          <td class="col-links"></td></tr>
        <tr>
          <td class="extra" colspan="4">
            <div class="log"> -----------------------------Captured stdout setup------------------------------ <br/>THIS APP IS IN TEST CONFIGURATION. DO NOT USE IN PRODUCTION.
<br/> ------------------------------Captured stdout call------------------------------ <br/>Loading pages (1/6)
[&gt;                                                           ] 0%
[======&gt;                                                     ] 10%
[============================&gt;                               ] 48%
Warning: Failed to load file:///static/img/card_images/1/yay.jpg (ignore)
Warning: Failed to load file:///static/img/card_images/1/hi.jpg (ignore)
[============================================================] 100%
Counting pages (2/6)                                               
[============================================================] Object 1 of 1
Resolving links (4/6)                                                       
[============================================================] Object 1 of 1
Loading headers and footers (5/6)                                           
Printing pages (6/6)
[&gt;                                                           ] Preparing
[============&gt;                                               ] Page 1 of 5
[========================&gt;                                   ] Page 2 of 5
[====================================&gt;                       ] Page 3 of 5
[================================================&gt;           ] Page 4 of 5
[============================================================] Page 5 of 5
Done                                                                      
Loading pages (1/6)
[&gt;                                                           ] 0%
[======&gt;                                                     ] 10%
[===========================&gt;                                ] 46%
Warning: Failed to load file:///static/img/card_images/1/yay.jpg (ignore)
Warning: Failed to load file:///static/img/card_images/1/hi.jpg (ignore)
[============================================================] 100%
Counting pages (2/6)                                               
[============================================================] Object 1 of 1
Resolving links (4/6)                                                       
[============================================================] Object 1 of 1
Loading headers and footers (5/6)                                           
Printing pages (6/6)
[&gt;                                                           ] Preparing
[===============&gt;                                            ] Page 1 of 4
[==============================&gt;                             ] Page 2 of 4
[=============================================&gt;              ] Page 3 of 4
[============================================================] Page 4 of 4
Done                                                                      
Loading pages (1/6)
[&gt;                                                           ] 0%
[======&gt;                                                     ] 10%
[============================&gt;                               ] 47%
Warning: Failed to load file:///static/img/card_images/1/yay.jpg (ignore)
Warning: Failed to load file:///static/img/card_images/1/hi.jpg (ignore)
[============================================================] 100%
Counting pages (2/6)                                               
[============================================================] Object 1 of 1
Resolving links (4/6)                                                       
[============================================================] Object 1 of 1
Loading headers and footers (5/6)                                           
Printing pages (6/6)
[&gt;                                                           ] Preparing
[===================&gt;                                        ] Page 1 of 3
[=======================================&gt;                    ] Page 2 of 3
[============================================================] Page 3 of 3
Done                                                                      
Loading pages (1/6)
[&gt;                                                           ] 0%
[======&gt;                                                     ] 10%
[============================&gt;                               ] 48%
Warning: Failed to load file:///static/img/card_images/1/yay.jpg (ignore)
Warning: Failed to load file:///static/img/card_images/1/hi.jpg (ignore)
[============================================================] 100%
Counting pages (2/6)                                               
[============================================================] Object 1 of 1
Resolving links (4/6)                                                       
[============================================================] Object 1 of 1
Loading headers and footers (5/6)                                           
Printing pages (6/6)
[&gt;                                                           ] Preparing
[=========&gt;                                                  ] Page 1 of 6
[===================&gt;                                        ] Page 2 of 6
[==============================&gt;                             ] Page 3 of 6
[=======================================&gt;                    ] Page 4 of 6
[=================================================&gt;          ] Page 5 of 6
[============================================================] Page 6 of 6
Done                                                                      
Loading pages (1/6)
[&gt;                                                           ] 0%
[======&gt;                                                     ] 10%
[============================&gt;                               ] 48%
Warning: Failed to load file:///static/img/card_images/1/yay.jpg (ignore)
Warning: Failed to load file:///static/img/card_images/1/hi.jpg (ignore)
[============================================================] 100%
Counting pages (2/6)                                               
[============================================================] Object 1 of 1
Resolving links (4/6)                                                       
[============================================================] Object 1 of 1
Loading headers and footers (5/6)                                           
Printing pages (6/6)
[&gt;                                                           ] Preparing
[=======&gt;                                                    ] Page 1 of 8
[===============&gt;                                            ] Page 2 of 8
[======================&gt;                                     ] Page 3 of 8
[==============================&gt;                             ] Page 4 of 8
[=====================================&gt;                      ] Page 5 of 8
[=============================================&gt;              ] Page 6 of 8
[====================================================&gt;       ] Page 7 of 8
[============================================================] Page 8 of 8
Done                                                                      
<br/></div></td></tr></tbody>
      <tbody class="passed results-table-row">
        <tr>
          <td class="col-result">Passed</td>
          <td class="col-name">tests/responses/unit/test_position_count.py::test_get_card_x_responses</td>
          <td class="col-duration">0.79</td>
          <td class="col-links"></td></tr>
        <tr>
          <td class="extra" colspan="4">
            <div class="log"> -----------------------------Captured stdout setup------------------------------ <br/>THIS APP IS IN TEST CONFIGURATION. DO NOT USE IN PRODUCTION.
<br/></div></td></tr></tbody>
      <tbody class="passed results-table-row">
        <tr>
          <td class="col-result">Passed</td>
          <td class="col-name">tests/responses/unit/test_position_count.py::test_get_card_y_responses</td>
          <td class="col-duration">0.58</td>
          <td class="col-links"></td></tr>
        <tr>
          <td class="extra" colspan="4">
            <div class="empty log">No log output captured.</div></td></tr></tbody>
      <tbody class="passed results-table-row">
        <tr>
          <td class="col-result">Passed</td>
          <td class="col-name">tests/study/functional/test_change_user_info.py::test_get_change_user_info</td>
          <td class="col-duration">0.62</td>
          <td class="col-links"></td></tr>
        <tr>
          <td class="extra" colspan="4">
            <div class="log"> -----------------------------Captured stdout setup------------------------------ <br/>THIS APP IS IN TEST CONFIGURATION. DO NOT USE IN PRODUCTION.
<br/></div></td></tr></tbody>
      <tbody class="passed results-table-row">
        <tr>
          <td class="col-result">Passed</td>
          <td class="col-name">tests/study/functional/test_change_user_info.py::test_post_change_user_info</td>
          <td class="col-duration">0.45</td>
          <td class="col-links"></td></tr>
        <tr>
          <td class="extra" colspan="4">
            <div class="empty log">No log output captured.</div></td></tr></tbody>
      <tbody class="passed results-table-row">
        <tr>
          <td class="col-result">Passed</td>
          <td class="col-name">tests/study/functional/test_functional_index.py::test_get_index</td>
          <td class="col-duration">0.67</td>
          <td class="col-links"></td></tr>
        <tr>
          <td class="extra" colspan="4">
            <div class="log"> -----------------------------Captured stdout setup------------------------------ <br/>THIS APP IS IN TEST CONFIGURATION. DO NOT USE IN PRODUCTION.
<br/></div></td></tr></tbody>
      <tbody class="passed results-table-row">
        <tr>
          <td class="col-result">Passed</td>
          <td class="col-name">tests/study/functional/test_functional_index.py::test_get_index_multiple_studies</td>
          <td class="col-duration">1.03</td>
          <td class="col-links"></td></tr>
        <tr>
          <td class="extra" colspan="4">
            <div class="empty log">No log output captured.</div></td></tr></tbody>
      <tbody class="passed results-table-row">
        <tr>
          <td class="col-result">Passed</td>
          <td class="col-name">tests/study/functional/test_study.py::test_get_study</td>
          <td class="col-duration">0.68</td>
          <td class="col-links"></td></tr>
        <tr>
          <td class="extra" colspan="4">
            <div class="log"> -----------------------------Captured stdout setup------------------------------ <br/>THIS APP IS IN TEST CONFIGURATION. DO NOT USE IN PRODUCTION.
<br/></div></td></tr></tbody>
      <tbody class="passed results-table-row">
        <tr>
          <td class="col-result">Passed</td>
          <td class="col-name">tests/study/functional/test_study.py::test_post_study</td>
          <td class="col-duration">0.61</td>
          <td class="col-links"></td></tr>
        <tr>
          <td class="extra" colspan="4">
            <div class="empty log">No log output captured.</div></td></tr></tbody>
      <tbody class="passed results-table-row">
        <tr>
          <td class="col-result">Passed</td>
          <td class="col-name">tests/study/functional/test_study_decorators.py::test_valid_participant_required_invalid</td>
          <td class="col-duration">1.03</td>
          <td class="col-links"></td></tr>
        <tr>
          <td class="extra" colspan="4">
            <div class="log"> -----------------------------Captured stdout setup------------------------------ <br/>THIS APP IS IN TEST CONFIGURATION. DO NOT USE IN PRODUCTION.
<br/></div></td></tr></tbody>
      <tbody class="passed results-table-row">
        <tr>
          <td class="col-result">Passed</td>
          <td class="col-name">tests/study/functional/test_study_decorators.py::test_valid_participant_required_valid</td>
          <td class="col-duration">0.69</td>
          <td class="col-links"></td></tr>
        <tr>
          <td class="extra" colspan="4">
            <div class="empty log">No log output captured.</div></td></tr></tbody>
      <tbody class="passed results-table-row">
        <tr>
          <td class="col-result">Passed</td>
          <td class="col-name">tests/study/functional/test_study_decorators.py::test_check_complete_study</td>
          <td class="col-duration">0.99</td>
          <td class="col-links"></td></tr>
        <tr>
          <td class="extra" colspan="4">
            <div class="empty log">No log output captured.</div></td></tr></tbody>
      <tbody class="passed results-table-row">
        <tr>
          <td class="col-result">Passed</td>
          <td class="col-name">tests/study/functional/test_study_decorators.py::test_participant_required</td>
          <td class="col-duration">0.69</td>
          <td class="col-links"></td></tr>
        <tr>
          <td class="extra" colspan="4">
            <div class="empty log">No log output captured.</div></td></tr></tbody>
      <tbody class="passed results-table-row">
        <tr>
          <td class="col-result">Passed</td>
          <td class="col-name">tests/study/functional/test_study_decorators.py::test_complete_info_form_required</td>
          <td class="col-duration">0.69</td>
          <td class="col-links"></td></tr>
        <tr>
          <td class="extra" colspan="4">
            <div class="empty log">No log output captured.</div></td></tr></tbody>
      <tbody class="passed results-table-row">
        <tr>
          <td class="col-result">Passed</td>
          <td class="col-name">tests/study/functional/test_study_decorators.py::test_check_not_completed_study</td>
          <td class="col-duration">0.76</td>
          <td class="col-links"></td></tr>
        <tr>
          <td class="extra" colspan="4">
            <div class="empty log">No log output captured.</div></td></tr></tbody>
      <tbody class="passed results-table-row">
        <tr>
          <td class="col-result">Passed</td>
          <td class="col-name">tests/study/functional/test_user_info.py::test_get_user_info</td>
          <td class="col-duration">0.90</td>
          <td class="col-links"></td></tr>
        <tr>
          <td class="extra" colspan="4">
            <div class="log"> -----------------------------Captured stdout setup------------------------------ <br/>THIS APP IS IN TEST CONFIGURATION. DO NOT USE IN PRODUCTION.
<br/></div></td></tr></tbody>
      <tbody class="passed results-table-row">
        <tr>
          <td class="col-result">Passed</td>
          <td class="col-name">tests/study/functional/test_user_info.py::test_post_user_info</td>
          <td class="col-duration">0.52</td>
          <td class="col-links"></td></tr>
        <tr>
          <td class="extra" colspan="4">
            <div class="empty log">No log output captured.</div></td></tr></tbody></table></body></html>